addrof: 
SoftBound: Bounds violation detected

Backtrace:
./test[0x8048911]
/lib/libc.so.6(__libc_start_main+0xfe)[0xb7622ace]


test.sh: line 22: 28516 Aborted                 ./test 50

SoftBound: Bounds violation detected

Backtrace:
./test[0x8048911]
/lib/libc.so.6(__libc_start_main+0xfe)[0xb76f8ace]


test.sh: line 22: 28517 Aborted                 ./test 55
all: 
SoftBound: Bounds violation detected

Backtrace:
./test[0x8048951]
/lib/libc.so.6(__libc_start_main+0xfe)[0xb7653ace]


test.sh: line 22: 28529 Aborted                 ./test 50

SoftBound: Bounds violation detected

Backtrace:
./test[0x8048951]
/lib/libc.so.6(__libc_start_main+0xfe)[0xb7636ace]


test.sh: line 22: 28530 Aborted                 ./test 55
bug1: 
SoftBound: Bounds violation detected

Backtrace:
./test[0x8048911]
/lib/libc.so.6(__libc_start_main+0xfe)[0xb7718ace]


test.sh: line 22: 28542 Aborted                 ./test 50
134516041
bug2: test.sh: line 22: 28555 Segmentation fault      ./test 50
test.sh: line 22: 28556 Segmentation fault      ./test 55
cint2ptr: 
SoftBound: Bounds violation detected

Backtrace:
./test[0x8048951]
/lib/libc.so.6(__libc_start_main+0xfe)[0xb76abace]


test.sh: line 22: 28580 Aborted                 ./test 50

SoftBound: Bounds violation detected

Backtrace:
./test[0x8048951]
/lib/libc.so.6(__libc_start_main+0xfe)[0xb7629ace]


test.sh: line 22: 28581 Aborted                 ./test 55
fptr: Hash table full

SoftBound: Bounds violation detected

Backtrace:
./test[0x80488a1]
/lib/libc.so.6(__libc_start_main+0xfe)[0xb7710ace]


test.sh: line 22: 28593 Aborted                 ./test 50
Hash table full

SoftBound: Bounds violation detected

Backtrace:
./test[0x80488a1]
/lib/libc.so.6(__libc_start_main+0xfe)[0xb75c0ace]


test.sh: line 22: 28594 Aborted                 ./test 55
fptr2: 0000000000000000000000000000000000000000000000000000000000000000000000000000000000000000000000000000000000000000000000000000000000000000000000000000000000000000000000000000000000000000000000000000000000000000000000000000000000000000000000000000000000000000000000000000000000000000000000000000000000000000000000000000000000000000000000000000000000000000000000000000000000000000000000000000000000000000000000000000000000000000000000000000000000000000000000000000000000000000000000000000000000000000000000000000000000000000000000000000000000000000000000000000000000000000000000000000000000000000000000000000000000000000000000000000000000000000000000000000000000000000000000000000000000000000000000000000000000000000000000000000000000000000000000000000000000000000000000000000000000000000000000000000000000000000000000000000000000000000000000000000000000000000fptr3: 
SoftBound: Bounds violation detected

Backtrace:
./test[0x8048981]
/lib/libc.so.6(__libc_start_main+0xfe)[0xb7646ace]


test.sh: line 22: 28619 Aborted                 ./test 50

SoftBound: Bounds violation detected

Backtrace:
./test[0x8048981]
/lib/libc.so.6(__libc_start_main+0xfe)[0xb767eace]


test.sh: line 22: 28620 Aborted                 ./test 55
fptrret: free: test.sh: line 22: 28645 Segmentation fault      ./test 50
test.sh: line 22: 28646 Segmentation fault      ./test 55
funcargs: 
SoftBound: Bounds violation detected

Backtrace:
./test[0x8048911]
/lib/libc.so.6(__libc_start_main+0xfe)[0xb76b8ace]


test.sh: line 22: 28658 Aborted                 ./test 50

SoftBound: Bounds violation detected

Backtrace:
./test[0x8048911]
/lib/libc.so.6(__libc_start_main+0xfe)[0xb75f5ace]


test.sh: line 22: 28659 Aborted                 ./test 55
funcargs2: 
SoftBound: Bounds violation detected

Backtrace:
./test[0x8048911]
/lib/libc.so.6(__libc_start_main+0xfe)[0xb7646ace]


test.sh: line 22: 28671 Aborted                 ./test 50

SoftBound: Bounds violation detected

Backtrace:
./test[0x8048911]
/lib/libc.so.6(__libc_start_main+0xfe)[0xb76d6ace]


test.sh: line 22: 28672 Aborted                 ./test 55
funcargsm: 
SoftBound: Bounds violation detected

Backtrace:
./test[0x8048911]
/lib/libc.so.6(__libc_start_main+0xfe)[0xb75bdace]


test.sh: line 22: 28684 Aborted                 ./test 50

SoftBound: Bounds violation detected

Backtrace:
./test[0x8048911]
/lib/libc.so.6(__libc_start_main+0xfe)[0xb76ceace]


test.sh: line 22: 28685 Aborted                 ./test 55
funcargsret: 
SoftBound: Bounds violation detected

Backtrace:
./test[0x8048a71]


test.sh: line 22: 28697 Aborted                 ./test 50

SoftBound: Bounds violation detected

Backtrace:
./test[0x8048a71]
[0x0]


test.sh: line 22: 28698 Aborted                 ./test 55
funcret: 
SoftBound: Bounds violation detected

Backtrace:
./test[0x8048951]
/lib/libc.so.6(__libc_start_main+0xfe)[0xb75eaace]


test.sh: line 22: 28710 Aborted                 ./test 50

SoftBound: Bounds violation detected

Backtrace:
./test[0x8048951]
/lib/libc.so.6(__libc_start_main+0xfe)[0xb7569ace]


test.sh: line 22: 28711 Aborted                 ./test 55
funcret2: funcret3: globals: 
SoftBound: Bounds violation detected

Backtrace:
./test[0x8048911]
/lib/libc.so.6(__libc_start_main+0xfe)[0xb768aace]


test.sh: line 22: 28749 Aborted                 ./test 50

SoftBound: Bounds violation detected

Backtrace:
./test[0x8048911]
/lib/libc.so.6(__libc_start_main+0xfe)[0xb7599ace]


test.sh: line 22: 28750 Aborted                 ./test 55
int2ptr: 
SoftBound: Bounds violation detected

Backtrace:
./test[0x8048911]
/lib/libc.so.6(__libc_start_main+0xfe)[0xb7693ace]


test.sh: line 22: 28762 Aborted                 ./test 50

SoftBound: Bounds violation detected

Backtrace:
./test[0x8048911]
/lib/libc.so.6(__libc_start_main+0xfe)[0xb75ddace]


test.sh: line 22: 28763 Aborted                 ./test 55
loadm: 
SoftBound: Bounds violation detected

Backtrace:
./test[0x8048951]
/lib/libc.so.6(__libc_start_main+0xfe)[0xb770dace]


test.sh: line 22: 28775 Aborted                 ./test 50

SoftBound: Bounds violation detected

Backtrace:
./test[0x8048951]
/lib/libc.so.6(__libc_start_main+0xfe)[0xb75f6ace]


test.sh: line 22: 28776 Aborted                 ./test 55
loadm2: 
SoftBound: Bounds violation detected

Backtrace:
./test[0x8048951]
/lib/libc.so.6(__libc_start_main+0xfe)[0xb7543ace]


test.sh: line 22: 28788 Aborted                 ./test 50

SoftBound: Bounds violation detected

Backtrace:
./test[0x8048951]
/lib/libc.so.6(__libc_start_main+0xfe)[0xb76ecace]


test.sh: line 22: 28789 Aborted                 ./test 55
loadr: 0

SoftBound: Bounds violation detected

Backtrace:
./test[0x8048951]
/lib/libc.so.6(__libc_start_main+0xfe)[0xb7592ace]


test.sh: line 22: 28802 Aborted                 ./test 55
locals: 
SoftBound: Bounds violation detected

Backtrace:
./test[0x8048911]
/lib/libc.so.6(__libc_start_main+0xfe)[0xb770bace]


test.sh: line 22: 28814 Aborted                 ./test 50

SoftBound: Bounds violation detected

Backtrace:
./test[0x8048911]
/lib/libc.so.6(__libc_start_main+0xfe)[0xb7529ace]


test.sh: line 22: 28815 Aborted                 ./test 55
multimalloc: 2a
2a
postalloc: 
SoftBound: Bounds violation detected

Backtrace:
./test[0x8048951]
/lib/libc.so.6(__libc_start_main+0xfe)[0xb76c4ace]


test.sh: line 22: 28840 Aborted                 ./test 50

SoftBound: Bounds violation detected

Backtrace:
./test[0x8048951]
/lib/libc.so.6(__libc_start_main+0xfe)[0xb7711ace]


test.sh: line 22: 28841 Aborted                 ./test 55
ptr2int: 
SoftBound: Bounds violation detected

Backtrace:
./test[0x8048951]
/lib/libc.so.6(__libc_start_main+0xfe)[0xb7609ace]


test.sh: line 22: 28853 Aborted                 ./test 50

SoftBound: Bounds violation detected

Backtrace:
./test[0x8048951]
/lib/libc.so.6(__libc_start_main+0xfe)[0xb7566ace]


test.sh: line 22: 28854 Aborted                 ./test 55
samechk: 
SoftBound: Bounds violation detected

Backtrace:
./test[0x8048911]
/lib/libc.so.6(__libc_start_main+0xfe)[0xb770cace]


test.sh: line 22: 28866 Aborted                 ./test 50

SoftBound: Bounds violation detected

Backtrace:
./test[0x8048911]
/lib/libc.so.6(__libc_start_main+0xfe)[0xb7547ace]


test.sh: line 22: 28867 Aborted                 ./test 55
select: 
SoftBound: Bounds violation detected

Backtrace:
./test[0x8048911]
/lib/libc.so.6(__libc_start_main+0xfe)[0xb765bace]


test.sh: line 22: 28879 Aborted                 ./test 50

SoftBound: Bounds violation detected

Backtrace:
./test[0x8048911]
/lib/libc.so.6(__libc_start_main+0xfe)[0xb7661ace]


test.sh: line 22: 28880 Aborted                 ./test 55
simple: 
SoftBound: Bounds violation detected

Backtrace:
./test[0x8048951]
/lib/libc.so.6(__libc_start_main+0xfe)[0xb7667ace]


test.sh: line 22: 28892 Aborted                 ./test 50

SoftBound: Bounds violation detected

Backtrace:
./test[0x8048951]
/lib/libc.so.6(__libc_start_main+0xfe)[0xb7624ace]


test.sh: line 22: 28893 Aborted                 ./test 55
storem: 804c264
804c278
storem2: 804c1a4
804c1a4
804c1a4
804c1a4
storer: 804c0d0

SoftBound: Bounds violation detected

Backtrace:
./test[0x8048951]
/lib/libc.so.6(__libc_start_main+0xfe)[0xb761face]


test.sh: line 22: 28932 Aborted                 ./test 55
struct: 
SoftBound: Bounds violation detected

Backtrace:
./test[0x8048911]
/lib/libc.so.6(__libc_start_main+0xfe)[0xb76fdace]


test.sh: line 22: 28944 Aborted                 ./test 50

SoftBound: Bounds violation detected

Backtrace:
./test[0x8048911]
/lib/libc.so.6(__libc_start_main+0xfe)[0xb75e0ace]


test.sh: line 22: 28945 Aborted                 ./test 55
undef: 
SoftBound: Bounds violation detected

Backtrace:
./test[0x80488e1]
/lib/libc.so.6(__libc_start_main+0xfe)[0xb75f8ace]


test.sh: line 22: 28957 Aborted                 ./test 50

SoftBound: Bounds violation detected

Backtrace:
./test[0x80488e1]
/lib/libc.so.6(__libc_start_main+0xfe)[0xb769bace]


test.sh: line 22: 28958 Aborted                 ./test 55
array: sum: -805306368
sum: -805306368
array2: sum: -805306368
sum: -805306368
array3: sum: -805306368
sum: -805306368
global_array: sum: -805306368
sum: -805306368
linkedlist: sum: -1598126997
sum: -1598126997
linkedlistloop: sum: f38b4856
sum: f38b4856
reference_test: array_begin=bfb4e78c, array_end=bfb4e91c, base_ptr= bfb4e78c, bound_ptr = bfb4e78c
array_begin=bfb4892c, array_end=bfb48abc, base_ptr= bfb4892c, bound_ptr = bfb4892c
struct_array: sum is 90000000
sum is 90000000
bisort: Bisort with 16 size
**************************************
BEGINNING BITONIC SORT ALGORITHM HERE
**************************************
Sorting forward...done
sorting backward...done
em3d: Completed a computation phase: 0
Completed a computation phase: 1
Completed a computation phase: 2
Completed a computation phase: 3
Completed a computation phase: 4
Completed a computation phase: 5
Completed a computation phase: 6
Completed a computation phase: 7
Completed a computation phase: 8
Completed a computation phase: 9
Completed a computation phase: 10
Completed a computation phase: 11
Completed a computation phase: 12
Completed a computation phase: 13
Completed a computation phase: 14
Completed a computation phase: 15
Completed a computation phase: 16
Completed a computation phase: 17
Completed a computation phase: 18
Completed a computation phase: 19
Completed a computation phase: 20
Completed a computation phase: 21
Completed a computation phase: 22
Completed a computation phase: 23
Completed a computation phase: 24
Completed a computation phase: 25
Completed a computation phase: 26
Completed a computation phase: 27
Completed a computation phase: 28
Completed a computation phase: 29
Completed a computation phase: 30
Completed a computation phase: 31
Completed a computation phase: 32
Completed a computation phase: 33
Completed a computation phase: 34
Completed a computation phase: 35
Completed a computation phase: 36
Completed a computation phase: 37
Completed a computation phase: 38
Completed a computation phase: 39
Completed a computation phase: 40
Completed a computation phase: 41
Completed a computation phase: 42
Completed a computation phase: 43
Completed a computation phase: 44
Completed a computation phase: 45
Completed a computation phase: 46
Completed a computation phase: 47
Completed a computation phase: 48
Completed a computation phase: 49
Completed a computation phase: 50
Completed a computation phase: 51
Completed a computation phase: 52
Completed a computation phase: 53
Completed a computation phase: 54
Completed a computation phase: 55
Completed a computation phase: 56
Completed a computation phase: 57
Completed a computation phase: 58
Completed a computation phase: 59
Completed a computation phase: 60
Completed a computation phase: 61
Completed a computation phase: 62
Completed a computation phase: 63
Completed a computation phase: 64
Completed a computation phase: 65
Completed a computation phase: 66
Completed a computation phase: 67
Completed a computation phase: 68
Completed a computation phase: 69
Completed a computation phase: 70
Completed a computation phase: 71
Completed a computation phase: 72
Completed a computation phase: 73
Completed a computation phase: 74
Completed a computation phase: 75
Completed a computation phase: 76
Completed a computation phase: 77
Completed a computation phase: 78
Completed a computation phase: 79
Completed a computation phase: 80
Completed a computation phase: 81
Completed a computation phase: 82
Completed a computation phase: 83
Completed a computation phase: 84
Completed a computation phase: 85
Completed a computation phase: 86
Completed a computation phase: 87
Completed a computation phase: 88
Completed a computation phase: 89
Completed a computation phase: 90
Completed a computation phase: 91
Completed a computation phase: 92
Completed a computation phase: 93
Completed a computation phase: 94
Completed a computation phase: 95
Completed a computation phase: 96
Completed a computation phase: 97
Completed a computation phase: 98
Completed a computation phase: 99
health: usage:  health <# levels> <time> <seed>
mst: llvm-as: output.ll:1325:34: error: invalid indices for getelementptr
  %_tmp_460 = bitcast i32 (i32)* getelementptr  (i32 (i32)* @hashfunc, i32 1) to i8*
                                 ^
usage:  health <# levels> <time> <seed>
treeadd: Treeadd with 5 levels
About to enter TreeAlloc
About to enter TreeAdd
Iteration 0...done
Received result of 31
129.compress/src: llvm-as: output.ll:3218:23: error: floating point constant invalid for type
  %9 = fmul float %8, 4.65661287308e-10
                      ^
Treeadd with 5 levels
About to enter TreeAlloc
About to enter TreeAdd
Iteration 0...done
Received result of 31
